<?xml version="1.0" encoding="UTF-8"?>
<testsuite name="states.integerStates.ValidStateTest" tests="4" skipped="0" failures="0" errors="0" timestamp="2022-06-23T07:51:34" hostname="DESKTOP-Q858G2D" time="0.014">
  <properties/>
  <testcase name="testTypedIntegerGreaterThanZeroDoesNotChangeStatus()" classname="states.integerStates.ValidStateTest" time="0.003"/>
  <testcase name="typedNotAnIntegerChangesState()" classname="states.integerStates.ValidStateTest" time="0.002"/>
  <testcase name="typedZeroChangesStateIfStartingValueDoesNotExist()" classname="states.integerStates.ValidStateTest" time="0.002"/>
  <testcase name="typedZeroDoesNotChangeStateIfStartingValueExists()" classname="states.integerStates.ValidStateTest" time="0.002"/>
  <system-out><![CDATA[]]></system-out>
  <system-err><![CDATA[]]></system-err>
</testsuite>
